<?xml version="1.0" encoding="utf-8"?>
<!DOCTYPE population SYSTEM "http://www.matsim.org/files/dtd/population_v6.dtd">

<population>

	<attributes>
		<attribute name="coordinateReferenceSystem" class="java.lang.String">EPSG:31468</attribute>
	</attributes>


<!-- ====================================================================== -->

		<person id="388573001">
		<attributes>
			<attribute name="home-activity-zone" class="java.lang.String">berlin</attribute>
			<attribute name="subpopulation" class="java.lang.String">person</attribute>
		</attributes>
		<plan score="133.47163448666942" selected="yes">
			<activity type="home" link="128196" end_time="08:12:29" >
				<attributes>
					<attribute name="zoneId" class="java.lang.String">911020515</attribute>
				</attributes>
			</activity>
			<leg mode="car">
			</leg>
			<activity type="leisure" link="20239" end_time="11:12:29" >
				<attributes>
					<attribute name="cemdapStopDuration_s" class="java.lang.Integer">6540</attribute>
					<attribute name="zoneId" class="java.lang.String">903051022</attribute>
				</attributes>
			</activity>
			<leg mode="car">
			</leg>
			<activity type="home" link="128196" end_time="15:12:29" >
				<attributes>
					<attribute name="cemdapStopDuration_s" class="java.lang.Integer">7140</attribute>
					<attribute name="zoneId" class="java.lang.String">911020515</attribute>
				</attributes>
			</activity>
			<leg mode="car">
			</leg>
			<activity type="shopping" link="128179" end_time="18:12:29" >
				<attributes>
					<attribute name="cemdapStopDuration_s" class="java.lang.Integer">840</attribute>
					<attribute name="zoneId" class="java.lang.String">911020515</attribute>
				</attributes>
			</activity>
			<leg mode="car">
			</leg>
			<activity type="home" link="128196" >
				<attributes>
					<attribute name="cemdapStopDuration_s" class="java.lang.Integer">49500</attribute>
					<attribute name="zoneId" class="java.lang.String">911020515</attribute>
				</attributes>
			</activity>
		</plan>

	</person>
	<person id="100002901">
		<plan score="67.9392799687256" selected="yes">
			<activity type="home" link="49491" x="4628055.721329729" y="5830650.611974322" end_time="08:10:44" >
				<attributes>
					<attribute name="zoneId" class="java.lang.String" >12064472</attribute>
				</attributes>
			</activity>
			<leg mode="non_network_walk" dep_time="08:10:44">
				<route type="generic" start_link="49491" end_link="49491" trav_time="00:02:11" distance="263.5234280911919"></route>
			</leg>
			<activity type="car interaction" link="49491" x="4628255.914873427" y="5830618.768251753" max_dur="00:00:00" >
			</activity>
			<leg mode="car" dep_time="08:12:55">
				<route type="links" start_link="49491" end_link="134079" trav_time="00:45:41" distance="41811.60919798108" vehicleRefId="100002901">49491 46698 46689 1710 46951 46696 46697 46693 46694 49642 69392 69393 69394 69410 33416 33406 47939 49881 142884 142862 29325 29298 120660 78527 78532 85135 78510 78516 78530 84978 86140 78536 115895 155031 78549 78546 93721 29902 87561 87563 93709 87550 87557 87548 17430 42813 76699 76701 76703 132401 36929 132458 36894 36932 68357 68347 132450 78229 78227 36878 36880 6157 6153 139141 26084 105796 139115 50465 85109 105791 60666 69368 139804 139801 19446 69511 98297 105789 2517 50451 100202 100203 100199 93805 2502 105077 105070 134080 134079</route>
			</leg>
			<activity type="car interaction" link="134079" x="4661886.011928123" y="5824392.930533605" max_dur="00:00:00" >
			</activity>
			<leg mode="non_network_walk" dep_time="08:58:36">
				<route type="generic" start_link="134079" end_link="134079" trav_time="00:02:22" distance="284.8920721495706"></route>
			</leg>
			<activity type="leisure" link="134079" x="4661688.844747177" y="5824297.270520397" end_time="11:00:00" >
				<attributes>
					<attribute name="cemdapStopDuration_s" class="java.lang.Integer" >1200</attribute>
					<attribute name="zoneId" class="java.lang.String" >12064448</attribute>
				</attributes>
			</activity>
			<leg mode="non_network_walk" dep_time="09:00:58">
				<route type="generic" start_link="134079" end_link="134079" trav_time="00:02:22" distance="284.8920721495706"></route>
			</leg>
			<activity type="car interaction" link="134079" x="4661886.011928123" y="5824392.930533605" max_dur="00:00:00" >
			</activity>
			<leg mode="car" dep_time="09:03:20">
				<route type="links" start_link="134079" end_link="69348" trav_time="00:06:20" distance="6552.358972779196" vehicleRefId="100002901">134079 134080 113971 157922 11123 139126 139200 11121 69396 34612 116088 69346 44903 139117 139119 139121 139092 69348</route>
			</leg>
			<activity type="car interaction" link="69348" x="4665439.009968871" y="5819118.86781733" max_dur="00:00:00" >
			</activity>
			<leg mode="non_network_walk" dep_time="09:09:40">
				<route type="generic" start_link="69348" end_link="69348" trav_time="00:17:59" distance="2159.6941565685297"></route>
			</leg>
			<activity type="leisure" link="69348" x="4664068.6821258105" y="5818179.650102371" end_time="13:35:51" >
				<attributes>
					<attribute name="cemdapStopDuration_s" class="java.lang.Integer" >1500</attribute>
					<attribute name="zoneId" class="java.lang.String" >12064130</attribute>
				</attributes>
			</activity>
			<leg mode="non_network_walk" dep_time="10:03:30">
				<route type="generic" start_link="69348" end_link="69348" trav_time="00:17:59" distance="2159.6941565685297"></route>
			</leg>
			<activity type="car interaction" link="69348" x="4665439.009968871" y="5819118.86781733" max_dur="00:00:00" >
			</activity>
			<leg mode="car" dep_time="10:21:29">
				<route type="links" start_link="69348" end_link="139127" trav_time="00:12:28" distance="13856.433339481424" vehicleRefId="100002901">69348 69349 139093 139122 139120 139118 44904 69347 116089 34611 69397 11122 139199 139125 11124 157923 113970 134079 105071 105078 105076 2503 93806 100200 100201 50452 2518 46939 46937 139128 139127</route>
			</leg>
			<activity type="car interaction" link="139127" x="4661605.944950474" y="5826230.666976529" max_dur="00:00:00" >
			</activity>
			<leg mode="non_network_walk" dep_time="10:33:57">
				<route type="generic" start_link="139127" end_link="139127" trav_time="00:21:59" distance="2638.6026623714183"></route>
			</leg>
			<activity type="leisure" link="139127" x="4662175.406159846" y="5828178.838711377" end_time="17:28:01" >
				<attributes>
					<attribute name="cemdapStopDuration_s" class="java.lang.Integer" >28440</attribute>
					<attribute name="zoneId" class="java.lang.String" >12064448</attribute>
				</attributes>
			</activity>
			<leg mode="non_network_walk" dep_time="17:28:01">
				<route type="generic" start_link="139127" end_link="139127" trav_time="00:21:59" distance="2638.6026623714183"></route>
			</leg>
			<activity type="car interaction" link="139127" x="4661605.944950474" y="5826230.666976529" max_dur="00:00:00" >
			</activity>
			<leg mode="car" dep_time="17:50:00">
				<route type="links" start_link="139127" end_link="113591" trav_time="00:11:50" distance="16871.067283943758" vehicleRefId="100002901">139127 46936 46938 105790 98298 69512 19445 139800 139807 92858 92881 153670 92852 112827 159601 153667 86569 155795 139808 155790 156502 156572 44959 44963 153486 153491 134828 92846 74849 153451 153460 142892 73519 113589 113591</route>
			</leg>
			<activity type="car interaction" link="113591" x="4671136.385716291" y="5829300.78638747" max_dur="00:00:00" >
			</activity>
			<leg mode="non_network_walk" dep_time="18:01:50">
				<route type="generic" start_link="113591" end_link="113591" trav_time="00:16:27" distance="1974.0701714133588"></route>
			</leg>
			<activity type="leisure" link="113591" x="4672644.55037351" y="5829123.787120578" end_time="20:37:49" >
				<attributes>
					<attribute name="cemdapStopDuration_s" class="java.lang.Integer" >2580</attribute>
					<attribute name="zoneId" class="java.lang.String" >12064266</attribute>
				</attributes>
			</activity>
			<leg mode="non_network_walk" dep_time="18:56:06">
				<route type="generic" start_link="113591" end_link="113591" trav_time="00:16:27" distance="1974.0701714133588"></route>
			</leg>
			<activity type="car interaction" link="113591" x="4671136.385716291" y="5829300.78638747" max_dur="00:00:00" >
			</activity>
			<leg mode="car" dep_time="19:12:33">
				<route type="links" start_link="113591" end_link="83838" trav_time="00:24:49" distance="31397.843516988483" vehicleRefId="100002901">113591 104988 46364 35220 44961 153487 44962 44958 156571 156501 155789 139809 155796 86570 153668 159602 112826 92851 153669 92880 92857 139806 139769 92856 92862 136066 136072 139742 92883 139740 139737 136070 92864 133678 114406 92876 66214 66226 94909 71136 139219 139225 139228 139227 90904 90897 71133 76224 70982 76231 23271 23261 5420 9604 98755 9602 26089 131957 83838</route>
			</leg>
			<activity type="car interaction" link="83838" x="4646163.437136905" y="5821438.297785042" max_dur="00:00:00" >
			</activity>
			<leg mode="non_network_walk" dep_time="19:37:22">
				<route type="generic" start_link="83838" end_link="83838" trav_time="00:02:03" distance="247.04664679232252"></route>
			</leg>
			<activity type="shopping" link="83838" x="4646101.643619603" y="5821258.589138274" end_time="22:00:00" >
				<attributes>
					<attribute name="cemdapStopDuration_s" class="java.lang.Integer" >240</attribute>
					<attribute name="zoneId" class="java.lang.String" >12064317</attribute>
				</attributes>
			</activity>
			<leg mode="non_network_walk" dep_time="19:39:25">
				<route type="generic" start_link="83838" end_link="83838" trav_time="00:02:03" distance="247.04664679232252"></route>
			</leg>
			<activity type="car interaction" link="83838" x="4646163.437136905" y="5821438.297785042" max_dur="00:00:00" >
			</activity>
			<leg mode="car" dep_time="19:41:28">
				<route type="links" start_link="83838" end_link="49491" trav_time="00:42:54" distance="32348.44391878767" vehicleRefId="100002901">83838 83839 131958 9607 27836 27834 57036 26083 76238 138366 103410 30177 138363 138357 93767 61685 27831 27829 34590 71886 21148 12966 12983 12959 71896 16252 2481 2397 2395 85819 47956 47957 47958 10712 10714 10716 10718 27174 24782 10720 10724 10726 47950 10728 41616 41352 41353 41350 41620 41618 71097 10104 46685 105509 46694 46695 46952 1711 46690 46699 46700 49492 49491</route>
			</leg>
			<activity type="car interaction" link="49491" x="4628255.914873427" y="5830618.768251753" max_dur="00:00:00" >
			</activity>
			<leg mode="non_network_walk" dep_time="20:24:22">
				<route type="generic" start_link="49491" end_link="49491" trav_time="00:02:11" distance="263.5234280911919"></route>
			</leg>
			<activity type="home" link="49491" x="4628055.721329729" y="5830650.611974322" >
				<attributes>
					<attribute name="cemdapStopDuration_s" class="java.lang.Integer" >21360</attribute>
					<attribute name="zoneId" class="java.lang.String" >12064472</attribute>
				</attributes>
			</activity>
		</plan>

	</person>
</population>